Arguments: 
  /opt/homebrew/Cellar/node/17.8.0/bin/node /Users/poomyimyuean/.yarn/bin/yarn.js init svelte web

PATH: 
  /Users/poomyimyuean/.yarn/bin:/Users/poomyimyuean/.config/yarn/global/node_modules/.bin:/Users/poomyimyuean/.yarn/bin:/Users/poomyimyuean/.config/yarn/global/node_modules/.bin:/Users/poomyimyuean/.yarn/bin:/Users/poomyimyuean/.config/yarn/global/node_modules/.bin:/Users/poomyimyuean/.yarn/bin:/Users/poomyimyuean/.config/yarn/global/node_modules/.bin:/Users/poomyimyuean/.yarn/bin:/Users/poomyimyuean/.config/yarn/global/node_modules/.bin:/Users/poomyimyuean/.yarn/bin:/Users/poomyimyuean/.config/yarn/global/node_modules/.bin:/Users/poomyimyuean/.yarn/bin:/Users/poomyimyuean/.config/yarn/global/node_modules/.bin:/Users/poomyimyuean/.yarn/bin:/Users/poomyimyuean/.config/yarn/global/node_modules/.bin:/Users/poomyimyuean/.yarn/bin:/Users/poomyimyuean/.config/yarn/global/node_modules/.bin:/Users/poomyimyuean/.yarn/bin:/Users/poomyimyuean/.config/yarn/global/node_modules/.bin:/Users/poomyimyuean/.yarn/bin:/Users/poomyimyuean/.config/yarn/global/node_modules/.bin:/Users/poomyimyuean/.yarn/bin:/Users/poomyimyuean/.config/yarn/global/node_modules/.bin:/Users/poomyimyuean/.yarn/bin:/Users/poomyimyuean/.config/yarn/global/node_modules/.bin:/Users/poomyimyuean/.yarn/bin:/Users/poomyimyuean/.config/yarn/global/node_modules/.bin:/Users/poomyimyuean/.yarn/bin:/Users/poomyimyuean/.config/yarn/global/node_modules/.bin:/Users/poomyimyuean/.yarn/bin:/Users/poomyimyuean/.config/yarn/global/node_modules/.bin:/opt/homebrew/bin:/opt/homebrew/sbin:/usr/local/bin:/usr/bin:/bin:/usr/sbin:/sbin:/usr/local/share/dotnet:/opt/X11/bin:~/.dotnet/tools:/Library/Apple/usr/bin:/Library/Frameworks/Mono.framework/Versions/Current/Commands:/Users/poomyimyuean/.yarn/bin:/Users/poomyimyuean/.config/yarn/global/node_modules/.bin:/Users/poomyimyuean/opt/anaconda3/condabin:/opt/homebrew/bin:/opt/homebrew/sbin:/Users/poomyimyuean/.cargo/bin:/Users/poomyimyuean/.dotnet/tools:/Users/poomyimyuean/.dotnet/tools

Yarn version: 
  1.22.18

Node version: 
  17.8.0

Platform: 
  darwin arm64

Trace: 
  Error: canceled
      at Interface.<anonymous> (/Users/poomyimyuean/.yarn/lib/cli.js:137143:13)
      at Interface.emit (node:events:527:28)
      at Interface.[_ttyWrite] [as _ttyWrite] (node:internal/readline/interface:1117:18)
      at ReadStream.onkeypress (node:internal/readline/interface:269:20)
      at ReadStream.emit (node:events:527:28)
      at emitKeys (node:internal/readline/utils:358:14)
      at emitKeys.next (<anonymous>)
      at ReadStream.onData (node:internal/readline/emitKeypressEvents:64:36)
      at ReadStream.emit (node:events:527:28)
      at addChunk (node:internal/streams/readable:324:12)

npm manifest: 
  No manifest

yarn manifest: 
  No manifest

Lockfile: 
  No lockfile
